# JRE version: OpenJDK Runtime Environment (8.0_161-b12) (build 1.8.0_161-b12)
# Java VM: OpenJDK 64-Bit Server VM (25.161-b12 mixed mode linux-amd64 compressed oops)
Heap:
 PSYoungGen      total 644096K, used 329424K [0x00000000d6f80000, 0x0000000100000000, 0x0000000100000000)
  eden space 624128K, 49% used [0x00000000d6f80000,0x00000000e9f60428,0x00000000fd100000)
  from space 19968K, 91% used [0x00000000fec80000,0x00000000ffe53fa8,0x0000000100000000)
  to   space 24064K, 0% used [0x00000000fd100000,0x00000000fd100000,0x00000000fe880000)
 ParOldGen       total 133632K, used 43503K [0x0000000084e00000, 0x000000008d080000, 0x00000000d6f80000)
  object space 133632K, 32% used [0x0000000084e00000,0x000000008787bd20,0x000000008d080000)
 Metaspace       used 65682K, capacity 67960K, committed 68184K, reserved 1107968K
  class space    used 8245K, capacity 8723K, committed 8792K, reserved 1048576K
GC Heap History (10 events):
Event: 1023.940 GC heap before
{Heap before GC invocations=18 (full 3):
 PSYoungGen      total 635392K, used 630449K [0x00000000d6f80000, 0x00000000ff800000, 0x0000000100000000)
  eden space 623104K, 100% used [0x00000000d6f80000,0x00000000fd000000,0x00000000fd000000)
  from space 12288K, 59% used [0x00000000fec00000,0x00000000ff32c440,0x00000000ff800000)
  to   space 20480K, 0% used [0x00000000fd000000,0x00000000fd000000,0x00000000fe400000)
 ParOldGen       total 133632K, used 46215K [0x0000000084e00000, 0x000000008d080000, 0x00000000d6f80000)
  object space 133632K, 34% used [0x0000000084e00000,0x0000000087b21c60,0x000000008d080000)
 Metaspace       used 63182K, capacity 64718K, committed 64856K, reserved 1105920K
  class space    used 7941K, capacity 8278K, committed 8280K, reserved 1048576K
Event: 1023.983 GC heap after
Heap after GC invocations=18 (full 3):
 PSYoungGen      total 643584K, used 7285K [0x00000000d6f80000, 0x0000000100000000, 0x0000000100000000)
  eden space 623104K, 0% used [0x00000000d6f80000,0x00000000d6f80000,0x00000000fd000000)
  from space 20480K, 35% used [0x00000000fd000000,0x00000000fd71d690,0x00000000fe400000)
  to   space 19968K, 0% used [0x00000000fec80000,0x00000000fec80000,0x0000000100000000)
 ParOldGen       total 133632K, used 46223K [0x0000000084e00000, 0x000000008d080000, 0x00000000d6f80000)
  object space 133632K, 34% used [0x0000000084e00000,0x0000000087b23c60,0x000000008d080000)
 Metaspace       used 63182K, capacity 64718K, committed 64856K, reserved 1105920K
  class space    used 7941K, capacity 8278K, committed 8280K, reserved 1048576K
}
Event: 1190.082 GC heap before
{Heap before GC invocations=19 (full 3):
 PSYoungGen      total 643584K, used 290992K [0x00000000d6f80000, 0x0000000100000000, 0x0000000100000000)
  eden space 623104K, 45% used [0x00000000d6f80000,0x00000000e848ead8,0x00000000fd000000)
  from space 20480K, 35% used [0x00000000fd000000,0x00000000fd71d690,0x00000000fe400000)
  to   space 19968K, 0% used [0x00000000fec80000,0x00000000fec80000,0x0000000100000000)
 ParOldGen       total 133632K, used 46223K [0x0000000084e00000, 0x000000008d080000, 0x00000000d6f80000)
  object space 133632K, 34% used [0x0000000084e00000,0x0000000087b23c60,0x000000008d080000)
 Metaspace       used 63398K, capacity 64950K, committed 65240K, reserved 1105920K
  class space    used 7973K, capacity 8308K, committed 8408K, reserved 1048576K
Event: 1190.109 GC heap after
Heap after GC invocations=19 (full 3):
 PSYoungGen      total 652800K, used 6357K [0x00000000d6f80000, 0x0000000100000000, 0x0000000100000000)
  eden space 632832K, 0% used [0x00000000d6f80000,0x00000000d6f80000,0x00000000fd980000)
  from space 19968K, 31% used [0x00000000fec80000,0x00000000ff2b5650,0x0000000100000000)
  to   space 19456K, 0% used [0x00000000fd980000,0x00000000fd980000,0x00000000fec80000)
 ParOldGen       total 133632K, used 46231K [0x0000000084e00000, 0x000000008d080000, 0x00000000d6f80000)
  object space 133632K, 34% used [0x0000000084e00000,0x0000000087b25c60,0x000000008d080000)
 Metaspace       used 63398K, capacity 64950K, committed 65240K, reserved 1105920K
  class space    used 7973K, capacity 8308K, committed 8408K, reserved 1048576K
}
Event: 1190.109 GC heap before
{Heap before GC invocations=20 (full 4):
 PSYoungGen      total 652800K, used 6357K [0x00000000d6f80000, 0x0000000100000000, 0x0000000100000000)
  eden space 632832K, 0% used [0x00000000d6f80000,0x00000000d6f80000,0x00000000fd980000)
  from space 19968K, 31% used [0x00000000fec80000,0x00000000ff2b5650,0x0000000100000000)
  to   space 19456K, 0% used [0x00000000fd980000,0x00000000fd980000,0x00000000fec80000)
 ParOldGen       total 133632K, used 46231K [0x0000000084e00000, 0x000000008d080000, 0x00000000d6f80000)
  object space 133632K, 34% used [0x0000000084e00000,0x0000000087b25c60,0x000000008d080000)
 Metaspace       used 63398K, capacity 64950K, committed 65240K, reserved 1105920K
  class space    used 7973K, capacity 8308K, committed 8408K, reserved 1048576K
Event: 1190.951 GC heap after
Heap after GC invocations=20 (full 4):
 PSYoungGen      total 652800K, used 0K [0x00000000d6f80000, 0x0000000100000000, 0x0000000100000000)
  eden space 632832K, 0% used [0x00000000d6f80000,0x00000000d6f80000,0x00000000fd980000)
  from space 19968K, 0% used [0x00000000fec80000,0x00000000fec80000,0x0000000100000000)
  to   space 19456K, 0% used [0x00000000fd980000,0x00000000fd980000,0x00000000fec80000)
 ParOldGen       total 133632K, used 42559K [0x0000000084e00000, 0x000000008d080000, 0x00000000d6f80000)
  object space 133632K, 31% used [0x0000000084e00000,0x000000008778fe28,0x000000008d080000)
 Metaspace       used 63393K, capacity 64938K, committed 65240K, reserved 1105920K
  class space    used 7971K, capacity 8304K, committed 8408K, reserved 1048576K
}
Event: 1194.707 GC heap before
{Heap before GC invocations=21 (full 4):
 PSYoungGen      total 652800K, used 632832K [0x00000000d6f80000, 0x0000000100000000, 0x0000000100000000)
  eden space 632832K, 100% used [0x00000000d6f80000,0x00000000fd980000,0x00000000fd980000)
  from space 19968K, 0% used [0x00000000fec80000,0x00000000fec80000,0x0000000100000000)
  to   space 19456K, 0% used [0x00000000fd980000,0x00000000fd980000,0x00000000fec80000)
 ParOldGen       total 133632K, used 42559K [0x0000000084e00000, 0x000000008d080000, 0x00000000d6f80000)
  object space 133632K, 31% used [0x0000000084e00000,0x000000008778fe28,0x000000008d080000)
 Metaspace       used 65110K, capacity 67096K, committed 67288K, reserved 1107968K
  class space    used 8170K, capacity 8561K, committed 8664K, reserved 1048576K
Event: 1194.739 GC heap after
Heap after GC invocations=21 (full 4):
 PSYoungGen      total 652288K, used 19454K [0x00000000d6f80000, 0x0000000100000000, 0x0000000100000000)
  eden space 632832K, 0% used [0x00000000d6f80000,0x00000000d6f80000,0x00000000fd980000)
  from space 19456K, 99% used [0x00000000fd980000,0x00000000fec7fbd0,0x00000000fec80000)
  to   space 19968K, 0% used [0x00000000fec80000,0x00000000fec80000,0x0000000100000000)
 ParOldGen       total 133632K, used 43495K [0x0000000084e00000, 0x000000008d080000, 0x00000000d6f80000)
  object space 133632K, 32% used [0x0000000084e00000,0x0000000087879d20,0x000000008d080000)
 Metaspace       used 65110K, capacity 67096K, committed 67288K, reserved 1107968K
  class space    used 8170K, capacity 8561K, committed 8664K, reserved 1048576K
}
Event: 1577.355 GC heap before
{Heap before GC invocations=22 (full 4):
 PSYoungGen      total 652288K, used 652286K [0x00000000d6f80000, 0x0000000100000000, 0x0000000100000000)
  eden space 632832K, 100% used [0x00000000d6f80000,0x00000000fd980000,0x00000000fd980000)
  from space 19456K, 99% used [0x00000000fd980000,0x00000000fec7fbd0,0x00000000fec80000)
  to   space 19968K, 0% used [0x00000000fec80000,0x00000000fec80000,0x0000000100000000)
 ParOldGen       total 133632K, used 43495K [0x0000000084e00000, 0x000000008d080000, 0x00000000d6f80000)
  object space 133632K, 32% used [0x0000000084e00000,0x0000000087879d20,0x000000008d080000)
 Metaspace       used 65666K, capacity 67924K, committed 68184K, reserved 1107968K
  class space    used 8242K, capacity 8717K, committed 8792K, reserved 1048576K
Event: 1577.373 GC heap after
Heap after GC invocations=22 (full 4):
 PSYoungGen      total 644096K, used 18255K [0x00000000d6f80000, 0x0000000100000000, 0x0000000100000000)
  eden space 624128K, 0% used [0x00000000d6f80000,0x00000000d6f80000,0x00000000fd100000)
  from space 19968K, 91% used [0x00000000fec80000,0x00000000ffe53fa8,0x0000000100000000)
  to   space 24064K, 0% used [0x00000000fd100000,0x00000000fd100000,0x00000000fe880000)
 ParOldGen       total 133632K, used 43503K [0x0000000084e00000, 0x000000008d080000, 0x00000000d6f80000)
  object space 133632K, 32% used [0x0000000084e00000,0x000000008787bd20,0x000000008d080000)
 Metaspace       used 65666K, capacity 67924K, committed 68184K, reserved 1107968K
  class space    used 8242K, capacity 8717K, committed 8792K, reserved 1048576K
}

