# JRE version: OpenJDK Runtime Environment (8.0_161-b12) (build 1.8.0_161-b12)
# Java VM: OpenJDK 64-Bit Server VM (25.161-b12 mixed mode linux-amd64 compressed oops)
Heap:
 PSYoungGen      total 525312K, used 339876K [0x00000000d6f80000, 0x00000000fbc00000, 0x0000000100000000)
  eden space 501248K, 66% used [0x00000000d6f80000,0x00000000eb43f248,0x00000000f5900000)
  from space 24064K, 30% used [0x00000000f5900000,0x00000000f602a0c0,0x00000000f7080000)
  to   space 23552K, 0% used [0x00000000fa500000,0x00000000fa500000,0x00000000fbc00000)
 ParOldGen       total 133632K, used 42746K [0x0000000084e00000, 0x000000008d080000, 0x00000000d6f80000)
  object space 133632K, 31% used [0x0000000084e00000,0x00000000877be908,0x000000008d080000)
 Metaspace       used 63246K, capacity 64698K, committed 64896K, reserved 1105920K
  class space    used 7919K, capacity 8236K, committed 8320K, reserved 1048576K
GC Heap History (10 events):
Event: 704.093 GC heap before
{Heap before GC invocations=22 (full 3):
 PSYoungGen      total 398848K, used 373248K [0x00000000d6f80000, 0x00000000f3b00000, 0x0000000100000000)
  eden space 373248K, 100% used [0x00000000d6f80000,0x00000000edc00000,0x00000000edc00000)
  from space 25600K, 0% used [0x00000000ef600000,0x00000000ef600000,0x00000000f0f00000)
  to   space 26624K, 0% used [0x00000000edc00000,0x00000000edc00000,0x00000000ef600000)
 ParOldGen       total 133632K, used 42730K [0x0000000084e00000, 0x000000008d080000, 0x00000000d6f80000)
  object space 133632K, 31% used [0x0000000084e00000,0x00000000877ba908,0x000000008d080000)
 Metaspace       used 62897K, capacity 64204K, committed 64256K, reserved 1105920K
  class space    used 7862K, capacity 8159K, committed 8192K, reserved 1048576K
Event: 704.129 GC heap after
Heap after GC invocations=22 (full 3):
 PSYoungGen      total 399872K, used 11158K [0x00000000d6f80000, 0x00000000f5c80000, 0x0000000100000000)
  eden space 373248K, 0% used [0x00000000d6f80000,0x00000000d6f80000,0x00000000edc00000)
  from space 26624K, 41% used [0x00000000edc00000,0x00000000ee6e5818,0x00000000ef600000)
  to   space 25600K, 0% used [0x00000000f4380000,0x00000000f4380000,0x00000000f5c80000)
 ParOldGen       total 133632K, used 42738K [0x0000000084e00000, 0x000000008d080000, 0x00000000d6f80000)
  object space 133632K, 31% used [0x0000000084e00000,0x00000000877bc908,0x000000008d080000)
 Metaspace       used 62897K, capacity 64204K, committed 64256K, reserved 1105920K
  class space    used 7862K, capacity 8159K, committed 8192K, reserved 1048576K
}
Event: 977.122 GC heap before
{Heap before GC invocations=23 (full 3):
 PSYoungGen      total 399872K, used 384406K [0x00000000d6f80000, 0x00000000f5c80000, 0x0000000100000000)
  eden space 373248K, 100% used [0x00000000d6f80000,0x00000000edc00000,0x00000000edc00000)
  from space 26624K, 41% used [0x00000000edc00000,0x00000000ee6e5818,0x00000000ef600000)
  to   space 25600K, 0% used [0x00000000f4380000,0x00000000f4380000,0x00000000f5c80000)
 ParOldGen       total 133632K, used 42738K [0x0000000084e00000, 0x000000008d080000, 0x00000000d6f80000)
  object space 133632K, 31% used [0x0000000084e00000,0x00000000877bc908,0x000000008d080000)
 Metaspace       used 62899K, capacity 64210K, committed 64256K, reserved 1105920K
  class space    used 7862K, capacity 8160K, committed 8192K, reserved 1048576K
Event: 977.152 GC heap after
Heap after GC invocations=23 (full 3):
 PSYoungGen      total 456704K, used 7336K [0x00000000d6f80000, 0x00000000f5100000, 0x0000000100000000)
  eden space 442880K, 0% used [0x00000000d6f80000,0x00000000d6f80000,0x00000000f2000000)
  from space 13824K, 53% used [0x00000000f4380000,0x00000000f4aaa0e0,0x00000000f5100000)
  to   space 25088K, 0% used [0x00000000f2000000,0x00000000f2000000,0x00000000f3880000)
 ParOldGen       total 133632K, used 42738K [0x0000000084e00000, 0x000000008d080000, 0x00000000d6f80000)
  object space 133632K, 31% used [0x0000000084e00000,0x00000000877bc908,0x000000008d080000)
 Metaspace       used 62899K, capacity 64210K, committed 64256K, reserved 1105920K
  class space    used 7862K, capacity 8160K, committed 8192K, reserved 1048576K
}
Event: 1305.805 GC heap before
{Heap before GC invocations=24 (full 3):
 PSYoungGen      total 456704K, used 450216K [0x00000000d6f80000, 0x00000000f5100000, 0x0000000100000000)
  eden space 442880K, 100% used [0x00000000d6f80000,0x00000000f2000000,0x00000000f2000000)
  from space 13824K, 53% used [0x00000000f4380000,0x00000000f4aaa0e0,0x00000000f5100000)
  to   space 25088K, 0% used [0x00000000f2000000,0x00000000f2000000,0x00000000f3880000)
 ParOldGen       total 133632K, used 42738K [0x0000000084e00000, 0x000000008d080000, 0x00000000d6f80000)
  object space 133632K, 31% used [0x0000000084e00000,0x00000000877bc908,0x000000008d080000)
 Metaspace       used 62899K, capacity 64210K, committed 64256K, reserved 1105920K
  class space    used 7862K, capacity 8160K, committed 8192K, reserved 1048576K
Event: 1305.819 GC heap after
Heap after GC invocations=24 (full 3):
 PSYoungGen      total 467968K, used 7416K [0x00000000d6f80000, 0x00000000f9480000, 0x0000000100000000)
  eden space 442880K, 0% used [0x00000000d6f80000,0x00000000d6f80000,0x00000000f2000000)
  from space 25088K, 29% used [0x00000000f2000000,0x00000000f273e0d0,0x00000000f3880000)
  to   space 24576K, 0% used [0x00000000f7c80000,0x00000000f7c80000,0x00000000f9480000)
 ParOldGen       total 133632K, used 42746K [0x0000000084e00000, 0x000000008d080000, 0x00000000d6f80000)
  object space 133632K, 31% used [0x0000000084e00000,0x00000000877be908,0x000000008d080000)
 Metaspace       used 62899K, capacity 64210K, committed 64256K, reserved 1105920K
  class space    used 7862K, capacity 8160K, committed 8192K, reserved 1048576K
}
Event: 1636.170 GC heap before
{Heap before GC invocations=25 (full 3):
 PSYoungGen      total 467968K, used 450296K [0x00000000d6f80000, 0x00000000f9480000, 0x0000000100000000)
  eden space 442880K, 100% used [0x00000000d6f80000,0x00000000f2000000,0x00000000f2000000)
  from space 25088K, 29% used [0x00000000f2000000,0x00000000f273e0d0,0x00000000f3880000)
  to   space 24576K, 0% used [0x00000000f7c80000,0x00000000f7c80000,0x00000000f9480000)
 ParOldGen       total 133632K, used 42746K [0x0000000084e00000, 0x000000008d080000, 0x00000000d6f80000)
  object space 133632K, 31% used [0x0000000084e00000,0x00000000877be908,0x000000008d080000)
 Metaspace       used 62899K, capacity 64210K, committed 64256K, reserved 1105920K
  class space    used 7862K, capacity 8160K, committed 8192K, reserved 1048576K
Event: 1636.200 GC heap after
Heap after GC invocations=25 (full 3):
 PSYoungGen      total 513024K, used 7336K [0x00000000d6f80000, 0x00000000f8800000, 0x0000000100000000)
  eden space 501248K, 0% used [0x00000000d6f80000,0x00000000d6f80000,0x00000000f5900000)
  from space 11776K, 62% used [0x00000000f7c80000,0x00000000f83aa0e0,0x00000000f8800000)
  to   space 24064K, 0% used [0x00000000f5900000,0x00000000f5900000,0x00000000f7080000)
 ParOldGen       total 133632K, used 42746K [0x0000000084e00000, 0x000000008d080000, 0x00000000d6f80000)
  object space 133632K, 31% used [0x0000000084e00000,0x00000000877be908,0x000000008d080000)
 Metaspace       used 62899K, capacity 64210K, committed 64256K, reserved 1105920K
  class space    used 7862K, capacity 8160K, committed 8192K, reserved 1048576K
}
Event: 2009.072 GC heap before
{Heap before GC invocations=26 (full 3):
 PSYoungGen      total 513024K, used 508584K [0x00000000d6f80000, 0x00000000f8800000, 0x0000000100000000)
  eden space 501248K, 100% used [0x00000000d6f80000,0x00000000f5900000,0x00000000f5900000)
  from space 11776K, 62% used [0x00000000f7c80000,0x00000000f83aa0e0,0x00000000f8800000)
  to   space 24064K, 0% used [0x00000000f5900000,0x00000000f5900000,0x00000000f7080000)
 ParOldGen       total 133632K, used 42746K [0x0000000084e00000, 0x000000008d080000, 0x00000000d6f80000)
  object space 133632K, 31% used [0x0000000084e00000,0x00000000877be908,0x000000008d080000)
 Metaspace       used 62900K, capacity 64210K, committed 64256K, reserved 1105920K
  class space    used 7862K, capacity 8160K, committed 8192K, reserved 1048576K
Event: 2009.086 GC heap after
Heap after GC invocations=26 (full 3):
 PSYoungGen      total 525312K, used 7336K [0x00000000d6f80000, 0x00000000fbc00000, 0x0000000100000000)
  eden space 501248K, 0% used [0x00000000d6f80000,0x00000000d6f80000,0x00000000f5900000)
  from space 24064K, 30% used [0x00000000f5900000,0x00000000f602a0c0,0x00000000f7080000)
  to   space 23552K, 0% used [0x00000000fa500000,0x00000000fa500000,0x00000000fbc00000)
 ParOldGen       total 133632K, used 42746K [0x0000000084e00000, 0x000000008d080000, 0x00000000d6f80000)
  object space 133632K, 31% used [0x0000000084e00000,0x00000000877be908,0x000000008d080000)
 Metaspace       used 62900K, capacity 64210K, committed 64256K, reserved 1105920K
  class space    used 7862K, capacity 8160K, committed 8192K, reserved 1048576K
}

