# JRE version: OpenJDK Runtime Environment (8.0_161-b12) (build 1.8.0_161-b12)
# Java VM: OpenJDK 64-Bit Server VM (25.161-b12 mixed mode linux-amd64 compressed oops)
Heap:
 PSYoungGen      total 31744K, used 28248K [0x00000000d6f80000, 0x00000000eee00000, 0x0000000100000000)
  eden space 31232K, 90% used [0x00000000d6f80000,0x00000000d8af6280,0x00000000d8e00000)
  from space 512K, 25% used [0x00000000eed80000,0x00000000eeda0000,0x00000000eee00000)
  to   space 512K, 0% used [0x00000000eed00000,0x00000000eed00000,0x00000000eed80000)
 ParOldGen       total 120832K, used 51191K [0x0000000084e00000, 0x000000008c400000, 0x00000000d6f80000)
  object space 120832K, 42% used [0x0000000084e00000,0x0000000087ffdc28,0x000000008c400000)
 Metaspace       used 64997K, capacity 66524K, committed 66776K, reserved 1107968K
  class space    used 8129K, capacity 8436K, committed 8448K, reserved 1048576K
GC Heap History (10 events):
Event: 32780.097 GC heap before
{Heap before GC invocations=1093 (full 3):
 PSYoungGen      total 31744K, used 31456K [0x00000000d6f80000, 0x00000000eee00000, 0x0000000100000000)
  eden space 31232K, 100% used [0x00000000d6f80000,0x00000000d8e00000,0x00000000d8e00000)
  from space 512K, 43% used [0x00000000eed00000,0x00000000eed38000,0x00000000eed80000)
  to   space 512K, 0% used [0x00000000eed80000,0x00000000eed80000,0x00000000eee00000)
 ParOldGen       total 120832K, used 51191K [0x0000000084e00000, 0x000000008c400000, 0x00000000d6f80000)
  object space 120832K, 42% used [0x0000000084e00000,0x0000000087ffdc28,0x000000008c400000)
 Metaspace       used 64997K, capacity 66524K, committed 66776K, reserved 1107968K
  class space    used 8129K, capacity 8436K, committed 8448K, reserved 1048576K
Event: 32780.101 GC heap after
Heap after GC invocations=1093 (full 3):
 PSYoungGen      total 31744K, used 192K [0x00000000d6f80000, 0x00000000eee00000, 0x0000000100000000)
  eden space 31232K, 0% used [0x00000000d6f80000,0x00000000d6f80000,0x00000000d8e00000)
  from space 512K, 37% used [0x00000000eed80000,0x00000000eedb0000,0x00000000eee00000)
  to   space 512K, 0% used [0x00000000eed00000,0x00000000eed00000,0x00000000eed80000)
 ParOldGen       total 120832K, used 51191K [0x0000000084e00000, 0x000000008c400000, 0x00000000d6f80000)
  object space 120832K, 42% used [0x0000000084e00000,0x0000000087ffdc28,0x000000008c400000)
 Metaspace       used 64997K, capacity 66524K, committed 66776K, reserved 1107968K
  class space    used 8129K, capacity 8436K, committed 8448K, reserved 1048576K
}
Event: 32801.110 GC heap before
{Heap before GC invocations=1094 (full 3):
 PSYoungGen      total 31744K, used 31424K [0x00000000d6f80000, 0x00000000eee00000, 0x0000000100000000)
  eden space 31232K, 100% used [0x00000000d6f80000,0x00000000d8e00000,0x00000000d8e00000)
  from space 512K, 37% used [0x00000000eed80000,0x00000000eedb0000,0x00000000eee00000)
  to   space 512K, 0% used [0x00000000eed00000,0x00000000eed00000,0x00000000eed80000)
 ParOldGen       total 120832K, used 51191K [0x0000000084e00000, 0x000000008c400000, 0x00000000d6f80000)
  object space 120832K, 42% used [0x0000000084e00000,0x0000000087ffdc28,0x000000008c400000)
 Metaspace       used 64997K, capacity 66524K, committed 66776K, reserved 1107968K
  class space    used 8129K, capacity 8436K, committed 8448K, reserved 1048576K
Event: 32801.117 GC heap after
Heap after GC invocations=1094 (full 3):
 PSYoungGen      total 31744K, used 192K [0x00000000d6f80000, 0x00000000eee00000, 0x0000000100000000)
  eden space 31232K, 0% used [0x00000000d6f80000,0x00000000d6f80000,0x00000000d8e00000)
  from space 512K, 37% used [0x00000000eed00000,0x00000000eed30000,0x00000000eed80000)
  to   space 512K, 0% used [0x00000000eed80000,0x00000000eed80000,0x00000000eee00000)
 ParOldGen       total 120832K, used 51191K [0x0000000084e00000, 0x000000008c400000, 0x00000000d6f80000)
  object space 120832K, 42% used [0x0000000084e00000,0x0000000087ffdc28,0x000000008c400000)
 Metaspace       used 64997K, capacity 66524K, committed 66776K, reserved 1107968K
  class space    used 8129K, capacity 8436K, committed 8448K, reserved 1048576K
}
Event: 32822.501 GC heap before
{Heap before GC invocations=1095 (full 3):
 PSYoungGen      total 31744K, used 31424K [0x00000000d6f80000, 0x00000000eee00000, 0x0000000100000000)
  eden space 31232K, 100% used [0x00000000d6f80000,0x00000000d8e00000,0x00000000d8e00000)
  from space 512K, 37% used [0x00000000eed00000,0x00000000eed30000,0x00000000eed80000)
  to   space 512K, 0% used [0x00000000eed80000,0x00000000eed80000,0x00000000eee00000)
 ParOldGen       total 120832K, used 51191K [0x0000000084e00000, 0x000000008c400000, 0x00000000d6f80000)
  object space 120832K, 42% used [0x0000000084e00000,0x0000000087ffdc28,0x000000008c400000)
 Metaspace       used 64997K, capacity 66524K, committed 66776K, reserved 1107968K
  class space    used 8129K, capacity 8436K, committed 8448K, reserved 1048576K
Event: 32822.508 GC heap after
Heap after GC invocations=1095 (full 3):
 PSYoungGen      total 31744K, used 128K [0x00000000d6f80000, 0x00000000eee00000, 0x0000000100000000)
  eden space 31232K, 0% used [0x00000000d6f80000,0x00000000d6f80000,0x00000000d8e00000)
  from space 512K, 25% used [0x00000000eed80000,0x00000000eeda0000,0x00000000eee00000)
  to   space 512K, 0% used [0x00000000eed00000,0x00000000eed00000,0x00000000eed80000)
 ParOldGen       total 120832K, used 51191K [0x0000000084e00000, 0x000000008c400000, 0x00000000d6f80000)
  object space 120832K, 42% used [0x0000000084e00000,0x0000000087ffdc28,0x000000008c400000)
 Metaspace       used 64997K, capacity 66524K, committed 66776K, reserved 1107968K
  class space    used 8129K, capacity 8436K, committed 8448K, reserved 1048576K
}
Event: 32844.220 GC heap before
{Heap before GC invocations=1096 (full 3):
 PSYoungGen      total 31744K, used 31360K [0x00000000d6f80000, 0x00000000eee00000, 0x0000000100000000)
  eden space 31232K, 100% used [0x00000000d6f80000,0x00000000d8e00000,0x00000000d8e00000)
  from space 512K, 25% used [0x00000000eed80000,0x00000000eeda0000,0x00000000eee00000)
  to   space 512K, 0% used [0x00000000eed00000,0x00000000eed00000,0x00000000eed80000)
 ParOldGen       total 120832K, used 51191K [0x0000000084e00000, 0x000000008c400000, 0x00000000d6f80000)
  object space 120832K, 42% used [0x0000000084e00000,0x0000000087ffdc28,0x000000008c400000)
 Metaspace       used 64997K, capacity 66524K, committed 66776K, reserved 1107968K
  class space    used 8129K, capacity 8436K, committed 8448K, reserved 1048576K
Event: 32844.233 GC heap after
Heap after GC invocations=1096 (full 3):
 PSYoungGen      total 31744K, used 160K [0x00000000d6f80000, 0x00000000eee00000, 0x0000000100000000)
  eden space 31232K, 0% used [0x00000000d6f80000,0x00000000d6f80000,0x00000000d8e00000)
  from space 512K, 31% used [0x00000000eed00000,0x00000000eed28000,0x00000000eed80000)
  to   space 512K, 0% used [0x00000000eed80000,0x00000000eed80000,0x00000000eee00000)
 ParOldGen       total 120832K, used 51191K [0x0000000084e00000, 0x000000008c400000, 0x00000000d6f80000)
  object space 120832K, 42% used [0x0000000084e00000,0x0000000087ffdc28,0x000000008c400000)
 Metaspace       used 64997K, capacity 66524K, committed 66776K, reserved 1107968K
  class space    used 8129K, capacity 8436K, committed 8448K, reserved 1048576K
}
Event: 32864.988 GC heap before
{Heap before GC invocations=1097 (full 3):
 PSYoungGen      total 31744K, used 31392K [0x00000000d6f80000, 0x00000000eee00000, 0x0000000100000000)
  eden space 31232K, 100% used [0x00000000d6f80000,0x00000000d8e00000,0x00000000d8e00000)
  from space 512K, 31% used [0x00000000eed00000,0x00000000eed28000,0x00000000eed80000)
  to   space 512K, 0% used [0x00000000eed80000,0x00000000eed80000,0x00000000eee00000)
 ParOldGen       total 120832K, used 51191K [0x0000000084e00000, 0x000000008c400000, 0x00000000d6f80000)
  object space 120832K, 42% used [0x0000000084e00000,0x0000000087ffdc28,0x000000008c400000)
 Metaspace       used 64997K, capacity 66524K, committed 66776K, reserved 1107968K
  class space    used 8129K, capacity 8436K, committed 8448K, reserved 1048576K
Event: 32864.994 GC heap after
Heap after GC invocations=1097 (full 3):
 PSYoungGen      total 31744K, used 128K [0x00000000d6f80000, 0x00000000eee00000, 0x0000000100000000)
  eden space 31232K, 0% used [0x00000000d6f80000,0x00000000d6f80000,0x00000000d8e00000)
  from space 512K, 25% used [0x00000000eed80000,0x00000000eeda0000,0x00000000eee00000)
  to   space 512K, 0% used [0x00000000eed00000,0x00000000eed00000,0x00000000eed80000)
 ParOldGen       total 120832K, used 51191K [0x0000000084e00000, 0x000000008c400000, 0x00000000d6f80000)
  object space 120832K, 42% used [0x0000000084e00000,0x0000000087ffdc28,0x000000008c400000)
 Metaspace       used 64997K, capacity 66524K, committed 66776K, reserved 1107968K
  class space    used 8129K, capacity 8436K, committed 8448K, reserved 1048576K
}

